<?xml version="1.0" encoding="UTF-8"?>
<!-- Generated by org.testng.reporters.JUnitReportReporter -->
<testsuite hostname="DESKTOP-BN7FULH" failures="0" tests="2" name="org.selenium.Tests.MyFirstTestCase" time="69.342" errors="0" timestamp="2024-03-08T04:55:48 EET" skipped="0">
  <testcase classname="org.selenium.Tests.MyFirstTestCase" name="myFirstTestCase" time="29.656"/>
  <testcase classname="org.selenium.Tests.MyFirstTestCase" name="loginAndCheckoutUsingDirectBankTransfer" time="39.686"/>
</testsuite> <!-- org.selenium.Tests.MyFirstTestCase -->
